This is pdfTeX, Version 3.14159265-2.6-1.40.17 (TeX Live 2016/Debian) (preloaded format=pdflatex 2017.10.12)  24 MAY 2018 20:24
entering extended mode
 restricted \write18 enabled.
 %&-line parsing enabled.
**Class_Notes.tex
(./Class_Notes.tex
LaTeX2e <2017/01/01> patch level 3
Babel <3.9r> and hyphenation patterns for 3 language(s) loaded.
(/usr/share/texlive/texmf-dist/tex/latex/base/article.cls
Document Class: article 2014/09/29 v1.4h Standard LaTeX document class
(/usr/share/texlive/texmf-dist/tex/latex/base/size10.clo
File: size10.clo 2014/09/29 v1.4h Standard LaTeX file (size option)
)
\c@part=\count79
\c@section=\count80
\c@subsection=\count81
\c@subsubsection=\count82
\c@paragraph=\count83
\c@subparagraph=\count84
\c@figure=\count85
\c@table=\count86
\abovecaptionskip=\skip41
\belowcaptionskip=\skip42
\bibindent=\dimen102
)
(/usr/share/texlive/texmf-dist/tex/latex/amsmath/amsmath.sty
Package: amsmath 2016/11/05 v2.16a AMS math features
\@mathmargin=\skip43

For additional information on amsmath, use the `?' option.
(/usr/share/texlive/texmf-dist/tex/latex/amsmath/amstext.sty
Package: amstext 2000/06/29 v2.01 AMS text

(/usr/share/texlive/texmf-dist/tex/latex/amsmath/amsgen.sty
File: amsgen.sty 1999/11/30 v2.0 generic functions
\@emptytoks=\toks14
\ex@=\dimen103
))
(/usr/share/texlive/texmf-dist/tex/latex/amsmath/amsbsy.sty
Package: amsbsy 1999/11/29 v1.2d Bold Symbols
\pmbraise@=\dimen104
)
(/usr/share/texlive/texmf-dist/tex/latex/amsmath/amsopn.sty
Package: amsopn 2016/03/08 v2.02 operator names
)
\inf@bad=\count87
LaTeX Info: Redefining \frac on input line 213.
\uproot@=\count88
\leftroot@=\count89
LaTeX Info: Redefining \overline on input line 375.
\classnum@=\count90
\DOTSCASE@=\count91
LaTeX Info: Redefining \ldots on input line 472.
LaTeX Info: Redefining \dots on input line 475.
LaTeX Info: Redefining \cdots on input line 596.
\Mathstrutbox@=\box26
\strutbox@=\box27
\big@size=\dimen105
LaTeX Font Info:    Redeclaring font encoding OML on input line 712.
LaTeX Font Info:    Redeclaring font encoding OMS on input line 713.
\macc@depth=\count92
\c@MaxMatrixCols=\count93
\dotsspace@=\muskip10
\c@parentequation=\count94
\dspbrk@lvl=\count95
\tag@help=\toks15
\row@=\count96
\column@=\count97
\maxfields@=\count98
\andhelp@=\toks16
\eqnshift@=\dimen106
\alignsep@=\dimen107
\tagshift@=\dimen108
\tagwidth@=\dimen109
\totwidth@=\dimen110
\lineht@=\dimen111
\@envbody=\toks17
\multlinegap=\skip44
\multlinetaggap=\skip45
\mathdisplay@stack=\toks18
LaTeX Info: Redefining \[ on input line 2817.
LaTeX Info: Redefining \] on input line 2818.
)
(/usr/share/texlive/texmf-dist/tex/latex/amscls/amsthm.sty
Package: amsthm 2015/03/04 v2.20.2
\thm@style=\toks19
\thm@bodyfont=\toks20
\thm@headfont=\toks21
\thm@notefont=\toks22
\thm@headpunct=\toks23
\thm@preskip=\skip46
\thm@postskip=\skip47
\thm@headsep=\skip48
\dth@everypar=\toks24
)
(/usr/share/texlive/texmf-dist/tex/latex/amsfonts/amssymb.sty
Package: amssymb 2013/01/14 v3.01 AMS font symbols

(/usr/share/texlive/texmf-dist/tex/latex/amsfonts/amsfonts.sty
Package: amsfonts 2013/01/14 v3.01 Basic AMSFonts support
\symAMSa=\mathgroup4
\symAMSb=\mathgroup5
LaTeX Font Info:    Overwriting math alphabet `\mathfrak' in version `bold'
(Font)                  U/euf/m/n --> U/euf/b/n on input line 106.
))
(/usr/share/texlive/texmf-dist/tex/latex/graphics/graphicx.sty
Package: graphicx 2014/10/28 v1.0g Enhanced LaTeX Graphics (DPC,SPQR)

(/usr/share/texlive/texmf-dist/tex/latex/graphics/keyval.sty
Package: keyval 2014/10/28 v1.15 key=value parser (DPC)
\KV@toks@=\toks25
)
(/usr/share/texlive/texmf-dist/tex/latex/graphics/graphics.sty
Package: graphics 2016/10/09 v1.0u Standard LaTeX Graphics (DPC,SPQR)

(/usr/share/texlive/texmf-dist/tex/latex/graphics/trig.sty
Package: trig 2016/01/03 v1.10 sin cos tan (DPC)
)
(/usr/share/texlive/texmf-dist/tex/latex/graphics-cfg/graphics.cfg
File: graphics.cfg 2016/06/04 v1.11 sample graphics configuration
)
Package graphics Info: Driver file: pdftex.def on input line 99.

(/usr/share/texlive/texmf-dist/tex/latex/graphics-def/pdftex.def
File: pdftex.def 2017/01/12 v0.06k Graphics/color for pdfTeX

(/usr/share/texlive/texmf-dist/tex/generic/oberdiek/infwarerr.sty
Package: infwarerr 2016/05/16 v1.4 Providing info/warning/error messages (HO)
)
(/usr/share/texlive/texmf-dist/tex/generic/oberdiek/ltxcmds.sty
Package: ltxcmds 2016/05/16 v1.23 LaTeX kernel commands for general use (HO)
)
\Gread@gobject=\count99
))
\Gin@req@height=\dimen112
\Gin@req@width=\dimen113
)
(/usr/share/texlive/texmf-dist/tex/latex/diagbox/diagbox.sty
Package: diagbox 2016/12/28 v2.2 Making table heads with diagonal lines

(/usr/share/texlive/texmf-dist/tex/latex/pict2e/pict2e.sty
Package: pict2e 2016/02/05 v0.3b Improved picture commands (HjG,RN,JT)

(/usr/share/texlive/texmf-dist/tex/latex/pict2e/pict2e.cfg
File: pict2e.cfg 2016/02/05 v0.1u pict2e configuration for teTeX/TeXLive
)
Package pict2e Info: Driver file: pdftex.def on input line 119.
Package pict2e Info: Driver file for pict2e: p2e-pdftex.def on input line 121.

(/usr/share/texlive/texmf-dist/tex/latex/pict2e/p2e-pdftex.def
File: p2e-pdftex.def 2016/02/05 v0.1u Driver-dependant file (RN,HjG,JT)
)
\pIIe@GRAPH=\toks26
\@arclen=\dimen114
\@arcrad=\dimen115
\@tempdimd=\dimen116
)
(/usr/share/texlive/texmf-dist/tex/latex/fp/fp.sty
Package: fp 1995/04/02

`Fixed Point Package', Version 0.8, April 2, 1995 (C) Michael Mehlich
(/usr/share/texlive/texmf-dist/tex/latex/fp/defpattern.sty
Package: defpattern 1994/10/12
\actioncount=\count100
)
(/usr/share/texlive/texmf-dist/tex/latex/fp/fp-basic.sty
Package: fp-basic 1996/05/13
\FP@xs=\count101
\FP@xia=\count102
\FP@xib=\count103
\FP@xfa=\count104
\FP@xfb=\count105
\FP@rega=\count106
\FP@regb=\count107
\FP@regs=\count108
\FP@times=\count109
)
(/usr/share/texlive/texmf-dist/tex/latex/fp/fp-addons.sty
Package: fp-addons 1995/03/15
)
(/usr/share/texlive/texmf-dist/tex/latex/fp/fp-snap.sty
Package: fp-snap 1995/04/05
)
(/usr/share/texlive/texmf-dist/tex/latex/fp/fp-exp.sty
Package: fp-exp 1995/04/03
)
(/usr/share/texlive/texmf-dist/tex/latex/fp/fp-trigo.sty
Package: fp-trigo 1995/04/14
)
(/usr/share/texlive/texmf-dist/tex/latex/fp/fp-pas.sty
Package: fp-pas 1994/08/29
)
(/usr/share/texlive/texmf-dist/tex/latex/fp/fp-random.sty
Package: fp-random 1995/02/23
\FPseed=\count110
)
(/usr/share/texlive/texmf-dist/tex/latex/fp/fp-eqn.sty
Package: fp-eqn 1995/04/03
)
(/usr/share/texlive/texmf-dist/tex/latex/fp/fp-upn.sty
Package: fp-upn 1996/10/21
)
(/usr/share/texlive/texmf-dist/tex/latex/fp/fp-eval.sty
Package: fp-eval 1995/04/03
))
(/usr/share/texlive/texmf-dist/tex/latex/tools/calc.sty
Package: calc 2014/10/28 v4.3 Infix arithmetic (KKT,FJ)
\calc@Acount=\count111
\calc@Bcount=\count112
\calc@Adimen=\dimen117
\calc@Bdimen=\dimen118
\calc@Askip=\skip49
\calc@Bskip=\skip50
LaTeX Info: Redefining \setlength on input line 80.
LaTeX Info: Redefining \addtolength on input line 81.
\calc@Ccount=\count113
\calc@Cskip=\skip51
)
(/usr/share/texlive/texmf-dist/tex/latex/tools/array.sty
Package: array 2016/10/06 v2.4d Tabular extension package (FMi)
\col@sep=\dimen119
\extrarowheight=\dimen120
\NC@list=\toks27
\extratabsurround=\skip52
\backup@length=\skip53
)
\diagbox@boxa=\box28
\diagbox@boxb=\box29
\diagbox@boxm=\box30
\diagbox@wd=\dimen121
\diagbox@ht=\dimen122
\diagbox@insepl=\dimen123
\diagbox@insepr=\dimen124
\diagbox@outsepl=\dimen125
\diagbox@outsepr=\dimen126
) (./Class_Notes.aux)
\openout1 = `Class_Notes.aux'.

LaTeX Font Info:    Checking defaults for OML/cmm/m/it on input line 50.
LaTeX Font Info:    ... okay on input line 50.
LaTeX Font Info:    Checking defaults for T1/cmr/m/n on input line 50.
LaTeX Font Info:    ... okay on input line 50.
LaTeX Font Info:    Checking defaults for OT1/cmr/m/n on input line 50.
LaTeX Font Info:    ... okay on input line 50.
LaTeX Font Info:    Checking defaults for OMS/cmsy/m/n on input line 50.
LaTeX Font Info:    ... okay on input line 50.
LaTeX Font Info:    Checking defaults for OMX/cmex/m/n on input line 50.
LaTeX Font Info:    ... okay on input line 50.
LaTeX Font Info:    Checking defaults for U/cmr/m/n on input line 50.
LaTeX Font Info:    ... okay on input line 50.

(/usr/share/texlive/texmf-dist/tex/context/base/mkii/supp-pdf.mkii
[Loading MPS to PDF converter (version 2006.09.02).]
\scratchcounter=\count114
\scratchdimen=\dimen127
\scratchbox=\box31
\nofMPsegments=\count115
\nofMParguments=\count116
\everyMPshowfont=\toks28
\MPscratchCnt=\count117
\MPscratchDim=\dimen128
\MPnumerator=\count118
\makeMPintoPDFobject=\count119
\everyMPtoPDFconversion=\toks29
) (/usr/share/texlive/texmf-dist/tex/generic/oberdiek/pdftexcmds.sty
Package: pdftexcmds 2016/05/21 v0.22 Utility functions of pdfTeX for LuaTeX (HO
)

(/usr/share/texlive/texmf-dist/tex/generic/oberdiek/ifluatex.sty
Package: ifluatex 2016/05/16 v1.4 Provides the ifluatex switch (HO)
Package ifluatex Info: LuaTeX not detected.
)
(/usr/share/texlive/texmf-dist/tex/generic/oberdiek/ifpdf.sty
Package: ifpdf 2016/05/14 v3.1 Provides the ifpdf switch
)
Package pdftexcmds Info: LuaTeX not detected.
Package pdftexcmds Info: \pdf@primitive is available.
Package pdftexcmds Info: \pdf@ifprimitive is available.
Package pdftexcmds Info: \pdfdraftmode found.
)
(/usr/share/texlive/texmf-dist/tex/latex/oberdiek/epstopdf-base.sty
Package: epstopdf-base 2016/05/15 v2.6 Base part for package epstopdf

(/usr/share/texlive/texmf-dist/tex/latex/oberdiek/grfext.sty
Package: grfext 2016/05/16 v1.2 Manage graphics extensions (HO)

(/usr/share/texlive/texmf-dist/tex/generic/oberdiek/kvdefinekeys.sty
Package: kvdefinekeys 2016/05/16 v1.4 Define keys (HO)
))
(/usr/share/texlive/texmf-dist/tex/latex/oberdiek/kvoptions.sty
Package: kvoptions 2016/05/16 v3.12 Key value format for package options (HO)

(/usr/share/texlive/texmf-dist/tex/generic/oberdiek/kvsetkeys.sty
Package: kvsetkeys 2016/05/16 v1.17 Key value parser (HO)

(/usr/share/texlive/texmf-dist/tex/generic/oberdiek/etexcmds.sty
Package: etexcmds 2016/05/16 v1.6 Avoid name clashes with e-TeX commands (HO)
Package etexcmds Info: Could not find \expanded.
(etexcmds)             That can mean that you are not using pdfTeX 1.50 or
(etexcmds)             that some package has redefined \expanded.
(etexcmds)             In the latter case, load this package earlier.
)))
Package epstopdf-base Info: Redefining graphics rule for `.eps' on input line 4
38.
Package grfext Info: Graphics extension search list:
(grfext)             [.png,.pdf,.jpg,.mps,.jpeg,.jbig2,.jb2,.PNG,.PDF,.JPG,.JPE
G,.JBIG2,.JB2,.eps]
(grfext)             \AppendGraphicsExtensions on input line 456.

(/usr/share/texlive/texmf-dist/tex/latex/latexconfig/epstopdf-sys.cfg
File: epstopdf-sys.cfg 2010/07/13 v1.3 Configuration of (r)epstopdf for TeX Liv
e
))
LaTeX Font Info:    Try loading font information for U+msa on input line 52.

(/usr/share/texlive/texmf-dist/tex/latex/amsfonts/umsa.fd
File: umsa.fd 2013/01/14 v3.01 AMS symbols A
)
LaTeX Font Info:    Try loading font information for U+msb on input line 52.

(/usr/share/texlive/texmf-dist/tex/latex/amsfonts/umsb.fd
File: umsb.fd 2013/01/14 v3.01 AMS symbols B
) [1

{/var/lib/texmf/fonts/map/pdftex/updmap/pdftex.map}] (./Class_Notes.toc [1] [2]
)
\tf@toc=\write3
\openout3 = `Class_Notes.toc'.

 [3]
Underfull \hbox (badness 10000) in paragraph at lines 62--71

 []


Underfull \hbox (badness 10000) in paragraph at lines 62--71

 []


Underfull \hbox (badness 10000) in paragraph at lines 62--71

 []

LaTeX Font Info:    Try loading font information for OMS+cmr on input line 72.
(/usr/share/texlive/texmf-dist/tex/latex/base/omscmr.fd
File: omscmr.fd 2014/09/29 v2.5h Standard LaTeX font definitions
)
LaTeX Font Info:    Font shape `OMS/cmr/m/n' in size <10> not available
(Font)              Font shape `OMS/cmsy/m/n' tried instead on input line 72.

Underfull \hbox (badness 10000) in paragraph at lines 76--80

 []


Underfull \hbox (badness 10000) in paragraph at lines 76--80

 []

[4]
Underfull \hbox (badness 10000) in paragraph at lines 91--102

 []

[5] [6]
Underfull \hbox (badness 10000) in paragraph at lines 139--144

 []


Underfull \hbox (badness 10000) in paragraph at lines 139--144

 []

[7]

Package amsmath Warning: Foreign command \atopwithdelims;
(amsmath)                \frac or \genfrac should be used instead
(amsmath)                 on input line 160.

[8]
Underfull \hbox (badness 10000) in paragraph at lines 185--186

 []

<pics/pascal.png, id=45, 578.16pt x 513.92pt>
File: pics/pascal.png Graphic file (type png)
 <use pics/pascal.png>
Package pdftex.def Info: pics/pascal.png used on input line 187.
(pdftex.def)             Requested size: 289.07928pt x 256.95937pt.
 [9 <./pics/pascal.png>]
Underfull \hbox (badness 10000) in paragraph at lines 196--200

 []


Underfull \hbox (badness 10000) in paragraph at lines 196--200

 []


LaTeX Warning: Command \textgreater invalid in math mode on input line 202.

LaTeX Font Info:    Try loading font information for OML+cmr on input line 202.

(/usr/share/texlive/texmf-dist/tex/latex/base/omlcmr.fd
File: omlcmr.fd 2014/09/29 v2.5h Standard LaTeX font definitions
)
LaTeX Font Info:    Font shape `OML/cmr/m/n' in size <10> not available
(Font)              Font shape `OML/cmm/m/it' tried instead on input line 202.


LaTeX Warning: Command \textgreater invalid in math mode on input line 202.


Underfull \hbox (badness 10000) in paragraph at lines 211--217

 []

[10]
Underfull \hbox (badness 10000) in paragraph at lines 224--232

 []


Underfull \hbox (badness 10000) in paragraph at lines 234--238

 []


Underfull \hbox (badness 10000) in paragraph at lines 247--248

 []


Underfull \hbox (badness 10000) in paragraph at lines 247--248

 []


Underfull \hbox (badness 10000) in paragraph at lines 247--248

 []

[11] [12]
Underfull \hbox (badness 10000) in paragraph at lines 282--289

 []


Underfull \hbox (badness 10000) in paragraph at lines 282--289

 []


Underfull \hbox (badness 10000) in paragraph at lines 290--292

 []

[13]
Underfull \hbox (badness 10000) in paragraph at lines 304--306

 []


Underfull \hbox (badness 10000) in paragraph at lines 312--315

 []

[14] [15] [16]

LaTeX Warning: Command \textless invalid in math mode on input line 369.


LaTeX Warning: Command \textless invalid in math mode on input line 369.


LaTeX Warning: Command \textless invalid in math mode on input line 369.


LaTeX Warning: Command \textless invalid in math mode on input line 369.


Overfull \hbox (0.74088pt too wide) in paragraph at lines 379--381
\OT1/cmr/m/n/10 A ran-dom vari-able $\OML/cmm/m/it/10 X$ \OT1/cmr/m/n/10 that h
as the above prob-a-bil-ity func-tion is called a \OT1/cmr/m/it/10 Bernoulli
 []


Underfull \hbox (badness 10000) in paragraph at lines 379--381

 []


Underfull \hbox (badness 10000) in paragraph at lines 385--391

 []


Underfull \hbox (badness 10000) in paragraph at lines 399--400

 []


Underfull \hbox (badness 10000) in paragraph at lines 399--400

 []


Underfull \hbox (badness 10000) in paragraph at lines 401--403

 []

[17]
Underfull \hbox (badness 10000) in paragraph at lines 430--433

 []

[18]
Underfull \hbox (badness 10000) in paragraph at lines 460--464

 []


Underfull \hbox (badness 10000) in paragraph at lines 460--464

 []

[19]

LaTeX Warning: Command \textless invalid in math mode on input line 467.


LaTeX Warning: Command \textless invalid in math mode on input line 467.


Underfull \hbox (badness 10000) in paragraph at lines 477--480

 []

[20] [21] [22]
Underfull \hbox (badness 10000) in paragraph at lines 523--529

 []


Underfull \hbox (badness 10000) in paragraph at lines 534--536

 []

[23]
Underfull \hbox (badness 10000) in paragraph at lines 566--570

 []

[24]

LaTeX Warning: Command \textless invalid in math mode on input line 601.


LaTeX Warning: Command \textless invalid in math mode on input line 601.


Underfull \hbox (badness 10000) in paragraph at lines 596--605

 []


Underfull \hbox (badness 10000) in paragraph at lines 596--605

 []

[25]
Underfull \hbox (badness 10000) in paragraph at lines 627--629

 []


Underfull \hbox (badness 10000) in paragraph at lines 627--629

 []


Underfull \hbox (badness 10000) in paragraph at lines 627--629

 []

[26]
Underfull \hbox (badness 10000) in paragraph at lines 631--634

 []


Underfull \hbox (badness 10000) in paragraph at lines 662--665

 []


Underfull \hbox (badness 10000) in paragraph at lines 662--665

 []


Underfull \hbox (badness 10000) in paragraph at lines 662--665

 []

[27]
Underfull \hbox (badness 10000) in paragraph at lines 674--676

 []


LaTeX Warning: Command \textgreater invalid in math mode on input line 686.


LaTeX Warning: Command \textgreater invalid in math mode on input line 686.


Underfull \hbox (badness 10000) in paragraph at lines 684--687

 []


Underfull \hbox (badness 10000) in paragraph at lines 687--689

 []


Underfull \hbox (badness 10000) in paragraph at lines 687--689

 []


Underfull \hbox (badness 10000) in paragraph at lines 687--689

 []


Underfull \hbox (badness 10000) in paragraph at lines 687--689

 []


Underfull \hbox (badness 10000) in paragraph at lines 687--689

 []

[28]
Underfull \hbox (badness 10000) in paragraph at lines 700--703

 []

[29]

LaTeX Warning: Command \textless invalid in math mode on input line 722.


LaTeX Warning: Command \textless invalid in math mode on input line 722.


LaTeX Warning: Command \textless invalid in math mode on input line 730.


LaTeX Warning: Command \textless invalid in math mode on input line 730.


LaTeX Warning: Command \textless invalid in math mode on input line 730.


LaTeX Warning: Command \textless invalid in math mode on input line 730.


LaTeX Warning: Command \textgreater invalid in math mode on input line 733.


LaTeX Warning: Command \textgreater invalid in math mode on input line 733.


Underfull \hbox (badness 10000) in paragraph at lines 742--746

 []

[30]
Underfull \hbox (badness 10000) in paragraph at lines 756--759

 []

[31]

LaTeX Warning: Command \textless invalid in math mode on input line 796.


LaTeX Warning: Command \textless invalid in math mode on input line 796.


LaTeX Warning: Command \textless invalid in math mode on input line 797.


LaTeX Warning: Command \textless invalid in math mode on input line 797.


LaTeX Warning: Command \textless invalid in math mode on input line 798.


LaTeX Warning: Command \textless invalid in math mode on input line 798.


Overfull \hbox (1.69777pt too wide) in paragraph at lines 804--805
\OT1/cmr/m/n/10 tion $\OML/cmm/m/it/10 F[]\OT1/cmr/m/n/10 (\OML/cmm/m/it/10 x\O
T1/cmr/m/n/10 )$ is a con-tin-u-ously non-de-creas-ing func-tion such that $[][
] \OML/cmm/m/it/10 F[]\OT1/cmr/m/n/10 (\OML/cmm/m/it/10 x\OT1/cmr/m/n/10 ) =
 []


LaTeX Warning: Command \textless invalid in math mode on input line 806.


LaTeX Warning: Command \textless invalid in math mode on input line 806.


LaTeX Warning: Command \textless invalid in math mode on input line 807.


LaTeX Warning: Command \textless invalid in math mode on input line 807.


LaTeX Warning: Command \textless invalid in math mode on input line 813.


LaTeX Warning: Command \textless invalid in math mode on input line 813.


LaTeX Warning: Command \textless invalid in math mode on input line 813.


LaTeX Warning: Command \textless invalid in math mode on input line 813.


LaTeX Warning: Command \textless invalid in math mode on input line 813.


LaTeX Warning: Command \textless invalid in math mode on input line 813.


LaTeX Warning: Command \textless invalid in math mode on input line 813.


LaTeX Warning: Command \textless invalid in math mode on input line 813.


LaTeX Warning: Command \textless invalid in math mode on input line 813.


LaTeX Warning: Command \textless invalid in math mode on input line 813.


LaTeX Warning: Command \textless invalid in math mode on input line 813.


LaTeX Warning: Command \textless invalid in math mode on input line 813.


LaTeX Warning: Command \textless invalid in math mode on input line 813.


LaTeX Warning: Command \textless invalid in math mode on input line 813.


LaTeX Warning: Command \textless invalid in math mode on input line 813.


LaTeX Warning: Command \textless invalid in math mode on input line 813.


LaTeX Warning: Command \textgreater invalid in math mode on input line 814.


LaTeX Warning: Command \textgreater invalid in math mode on input line 814.


Underfull \hbox (badness 10000) in paragraph at lines 813--816

 []

[32]
Overfull \hbox (4.8802pt too wide) in paragraph at lines 816--818
\OT1/cmr/m/n/10 In this case, $\OML/cmm/m/it/10 F[]\OT1/cmr/m/n/10 (\OML/cmm/m/
it/10 x\OT1/cmr/m/n/10 )$ is not a cu-mu-la-tive dis-tri-bu-tion func-tion be-c
ause $[] [] =
 []


Underfull \hbox (badness 10000) in paragraph at lines 818--823

 []


Underfull \hbox (badness 10000) in paragraph at lines 818--823

 []


Underfull \hbox (badness 10000) in paragraph at lines 829--831

 []


LaTeX Warning: Command \textgreater invalid in math mode on input line 837.


LaTeX Warning: Command \textgreater invalid in math mode on input line 837.

[33] [34]

LaTeX Warning: Command \textgreater invalid in math mode on input line 856.


LaTeX Warning: Command \textgreater invalid in math mode on input line 856.

[35]
Underfull \hbox (badness 10000) in paragraph at lines 904--907

 []

[36]
Underfull \hbox (badness 10000) in paragraph at lines 932--936

 []


LaTeX Warning: Command \textgreater invalid in math mode on input line 941.


LaTeX Warning: Command \textgreater invalid in math mode on input line 941.

[37]
Underfull \hbox (badness 10000) in paragraph at lines 957--966

 []


Underfull \hbox (badness 10000) in paragraph at lines 957--966

 []


Underfull \hbox (badness 10000) in paragraph at lines 957--966

 []


Underfull \hbox (badness 10000) in paragraph at lines 957--966

 []


Underfull \hbox (badness 10000) in paragraph at lines 957--966

 []


Underfull \hbox (badness 10000) in paragraph at lines 957--966

 []


LaTeX Warning: Command \textless invalid in math mode on input line 987.


LaTeX Warning: Command \textless invalid in math mode on input line 987.


LaTeX Warning: Command \textless invalid in math mode on input line 987.


LaTeX Warning: Command \textless invalid in math mode on input line 987.


LaTeX Warning: Command \textless invalid in math mode on input line 987.


LaTeX Warning: Command \textless invalid in math mode on input line 987.


LaTeX Warning: Command \textless invalid in math mode on input line 987.


LaTeX Warning: Command \textless invalid in math mode on input line 987.


LaTeX Warning: Command \textless invalid in math mode on input line 987.


LaTeX Warning: Command \textless invalid in math mode on input line 987.


LaTeX Warning: Command \textless invalid in math mode on input line 987.


LaTeX Warning: Command \textless invalid in math mode on input line 987.


LaTeX Warning: Command \textless invalid in math mode on input line 987.


LaTeX Warning: Command \textless invalid in math mode on input line 987.


LaTeX Warning: Command \textless invalid in math mode on input line 987.


LaTeX Warning: Command \textless invalid in math mode on input line 987.


LaTeX Warning: Command \textless invalid in math mode on input line 987.


LaTeX Warning: Command \textless invalid in math mode on input line 987.


LaTeX Warning: Command \textless invalid in math mode on input line 987.


LaTeX Warning: Command \textless invalid in math mode on input line 987.


LaTeX Warning: Command \textless invalid in math mode on input line 987.


LaTeX Warning: Command \textless invalid in math mode on input line 987.


LaTeX Warning: Command \textless invalid in math mode on input line 987.


LaTeX Warning: Command \textless invalid in math mode on input line 987.


Underfull \hbox (badness 10000) in paragraph at lines 987--991

 []

[38]
Underfull \hbox (badness 10000) in paragraph at lines 998--1001

 []


Underfull \hbox (badness 10000) in paragraph at lines 1001--1006

 []


Underfull \hbox (badness 10000) in paragraph at lines 1001--1006

 []


Underfull \hbox (badness 10000) in paragraph at lines 1014--1016

 []


Underfull \hbox (badness 10000) in paragraph at lines 1014--1016

 []

[39] [40]

LaTeX Warning: Command \textgreater invalid in math mode on input line 1038.


LaTeX Warning: Command \textgreater invalid in math mode on input line 1038.


LaTeX Warning: Command \textgreater invalid in math mode on input line 1042.


LaTeX Warning: Command \textgreater invalid in math mode on input line 1042.


Underfull \hbox (badness 10000) in paragraph at lines 1054--1057

 []


Underfull \hbox (badness 10000) in paragraph at lines 1062--1070

 []


Underfull \hbox (badness 10000) in paragraph at lines 1062--1070

 []


Underfull \hbox (badness 10000) in paragraph at lines 1062--1070

 []

[41]
Underfull \hbox (badness 10000) in paragraph at lines 1085--1088

 []

[42] [43]

LaTeX Warning: Command \textgreater invalid in math mode on input line 1109.


LaTeX Warning: Command \textgreater invalid in math mode on input line 1109.


Underfull \hbox (badness 10000) in paragraph at lines 1112--1115

 []


Underfull \hbox (badness 10000) in paragraph at lines 1125--1128

 []


LaTeX Warning: Command \textgreater invalid in math mode on input line 1137.


LaTeX Warning: Command \textgreater invalid in math mode on input line 1137.


LaTeX Warning: Command \textgreater invalid in math mode on input line 1137.


LaTeX Warning: Command \textgreater invalid in math mode on input line 1137.


LaTeX Warning: Command \textgreater invalid in math mode on input line 1141.


LaTeX Warning: Command \textgreater invalid in math mode on input line 1141.

[44]
Underfull \hbox (badness 10000) in paragraph at lines 1144--1147

 []


Underfull \hbox (badness 10000) in paragraph at lines 1153--1155

 []


Underfull \hbox (badness 10000) in paragraph at lines 1159--1162

 []


LaTeX Warning: Command \textgreater invalid in math mode on input line 1162.


LaTeX Warning: Command \textgreater invalid in math mode on input line 1162.


LaTeX Warning: Command \textgreater invalid in math mode on input line 1162.


LaTeX Warning: Command \textgreater invalid in math mode on input line 1162.


LaTeX Warning: Command \textgreater invalid in math mode on input line 1162.


LaTeX Warning: Command \textgreater invalid in math mode on input line 1162.


LaTeX Warning: Command \textgreater invalid in math mode on input line 1164.


LaTeX Warning: Command \textgreater invalid in math mode on input line 1164.


LaTeX Warning: Command \textgreater invalid in math mode on input line 1165.


LaTeX Warning: Command \textgreater invalid in math mode on input line 1165.


LaTeX Warning: Command \textgreater invalid in math mode on input line 1174.


LaTeX Warning: Command \textgreater invalid in math mode on input line 1174.


LaTeX Warning: Command \textgreater invalid in math mode on input line 1174.


LaTeX Warning: Command \textgreater invalid in math mode on input line 1174.


LaTeX Warning: Command \textgreater invalid in math mode on input line 1174.


LaTeX Warning: Command \textgreater invalid in math mode on input line 1174.


LaTeX Warning: Command \textgreater invalid in math mode on input line 1174.


LaTeX Warning: Command \textgreater invalid in math mode on input line 1174.


LaTeX Warning: Command \textgreater invalid in math mode on input line 1174.


LaTeX Warning: Command \textgreater invalid in math mode on input line 1174.


LaTeX Warning: Command \textgreater invalid in math mode on input line 1174.


LaTeX Warning: Command \textgreater invalid in math mode on input line 1174.


LaTeX Warning: Command \textgreater invalid in math mode on input line 1174.


LaTeX Warning: Command \textgreater invalid in math mode on input line 1174.


LaTeX Warning: Command \textgreater invalid in math mode on input line 1174.


LaTeX Warning: Command \textgreater invalid in math mode on input line 1174.


LaTeX Warning: Command \textgreater invalid in math mode on input line 1174.


LaTeX Warning: Command \textgreater invalid in math mode on input line 1174.


LaTeX Warning: Command \textgreater invalid in math mode on input line 1174.


LaTeX Warning: Command \textgreater invalid in math mode on input line 1174.


LaTeX Warning: Command \textgreater invalid in math mode on input line 1174.


LaTeX Warning: Command \textgreater invalid in math mode on input line 1174.


LaTeX Warning: Command \textgreater invalid in math mode on input line 1174.


LaTeX Warning: Command \textgreater invalid in math mode on input line 1174.


LaTeX Warning: Command \textgreater invalid in math mode on input line 1174.


LaTeX Warning: Command \textgreater invalid in math mode on input line 1174.


LaTeX Warning: Command \textgreater invalid in math mode on input line 1174.


LaTeX Warning: Command \textgreater invalid in math mode on input line 1174.


LaTeX Warning: Command \textgreater invalid in math mode on input line 1174.


LaTeX Warning: Command \textgreater invalid in math mode on input line 1174.


LaTeX Warning: Command \textgreater invalid in math mode on input line 1174.


LaTeX Warning: Command \textgreater invalid in math mode on input line 1174.

[45]
Underfull \hbox (badness 10000) in paragraph at lines 1174--1178

 []


Underfull \hbox (badness 10000) in paragraph at lines 1179--1181

 []


LaTeX Warning: Command \textless invalid in math mode on input line 1199.


LaTeX Warning: Command \textless invalid in math mode on input line 1199.


LaTeX Warning: Command \textless invalid in math mode on input line 1199.


LaTeX Warning: Command \textless invalid in math mode on input line 1199.


LaTeX Warning: Command \textless invalid in math mode on input line 1199.


LaTeX Warning: Command \textless invalid in math mode on input line 1199.


LaTeX Warning: Command \textless invalid in math mode on input line 1199.


LaTeX Warning: Command \textless invalid in math mode on input line 1199.


LaTeX Warning: Command \textless invalid in math mode on input line 1199.


LaTeX Warning: Command \textless invalid in math mode on input line 1199.


LaTeX Warning: Command \textless invalid in math mode on input line 1199.


LaTeX Warning: Command \textless invalid in math mode on input line 1199.

[46]

LaTeX Warning: Command \textgreater invalid in math mode on input line 1219.


LaTeX Warning: Command \textgreater invalid in math mode on input line 1219.


LaTeX Warning: Command \textgreater invalid in math mode on input line 1219.


LaTeX Warning: Command \textgreater invalid in math mode on input line 1219.


Underfull \hbox (badness 10000) in paragraph at lines 1218--1221

 []


Underfull \hbox (badness 10000) in paragraph at lines 1221--1222

 []


LaTeX Warning: Command \textless invalid in math mode on input line 1227.


LaTeX Warning: Command \textless invalid in math mode on input line 1227.


LaTeX Warning: Command \textless invalid in math mode on input line 1227.


LaTeX Warning: Command \textless invalid in math mode on input line 1227.


Underfull \hbox (badness 10000) in paragraph at lines 1230--1233

 []


LaTeX Warning: Command \textless invalid in math mode on input line 1244.


LaTeX Warning: Command \textless invalid in math mode on input line 1244.


LaTeX Warning: Command \textless invalid in math mode on input line 1244.


LaTeX Warning: Command \textless invalid in math mode on input line 1244.

[47]
Underfull \hbox (badness 10000) in paragraph at lines 1247--1250

 []


LaTeX Warning: Command \textless invalid in math mode on input line 1255.


LaTeX Warning: Command \textless invalid in math mode on input line 1255.


LaTeX Warning: Command \textless invalid in math mode on input line 1255.


LaTeX Warning: Command \textless invalid in math mode on input line 1255.

[48]

LaTeX Warning: Command \textgreater invalid in math mode on input line 1267.


LaTeX Warning: Command \textgreater invalid in math mode on input line 1267.


LaTeX Warning: Command \textgreater invalid in math mode on input line 1269.


LaTeX Warning: Command \textgreater invalid in math mode on input line 1269.

[49]

LaTeX Warning: Command \textless invalid in math mode on input line 1326.


LaTeX Warning: Command \textless invalid in math mode on input line 1326.


LaTeX Warning: Command \textless invalid in math mode on input line 1326.


LaTeX Warning: Command \textless invalid in math mode on input line 1326.

[50] [51] [52]

LaTeX Warning: Command \textgreater invalid in math mode on input line 1409.


LaTeX Warning: Command \textgreater invalid in math mode on input line 1409.


Underfull \hbox (badness 10000) in paragraph at lines 1412--1414

 []

[53]
Underfull \hbox (badness 10000) in paragraph at lines 1434--1437

 []

[54]
Underfull \hbox (badness 10000) in paragraph at lines 1470--1473

 []


Underfull \hbox (badness 10000) in paragraph at lines 1476--1479

 []


Underfull \hbox (badness 10000) in paragraph at lines 1504--1507

 []

[55] [56]
Underfull \hbox (badness 10000) in paragraph at lines 1580--1582

 []


Underfull \hbox (badness 10000) in paragraph at lines 1588--1591

 []


Underfull \hbox (badness 10000) in paragraph at lines 1617--1620

 []

[57]

LaTeX Warning: Command \textless invalid in math mode on input line 1628.


LaTeX Warning: Command \textless invalid in math mode on input line 1628.


LaTeX Warning: Command \textless invalid in math mode on input line 1628.


LaTeX Warning: Command \textless invalid in math mode on input line 1628.


Underfull \hbox (badness 10000) in paragraph at lines 1641--1643

 []

[58]
Underfull \hbox (badness 10000) in paragraph at lines 1657--1660

 []

[59]
Underfull \hbox (badness 10000) in paragraph at lines 1690--1693

 []


Underfull \hbox (badness 10000) in paragraph at lines 1697--1700

 []


Underfull \hbox (badness 10000) in paragraph at lines 1700--1704

 []


Underfull \hbox (badness 10000) in paragraph at lines 1700--1704

 []


Underfull \hbox (badness 10000) in paragraph at lines 1706--1712

 []


Underfull \hbox (badness 10000) in paragraph at lines 1706--1712

 []

[60]

LaTeX Warning: Command \textless invalid in math mode on input line 1751.


LaTeX Warning: Command \textless invalid in math mode on input line 1751.

[61]
Underfull \hbox (badness 10000) in paragraph at lines 1757--1761

 []


Underfull \hbox (badness 10000) in paragraph at lines 1757--1761

 []


Overfull \hbox (19.60545pt too wide) in paragraph at lines 1757--1761
\OT1/cmr/bx/n/10 Proposition: \OT1/cmr/m/n/10 If $\OML/cmm/m/it/10 X$\OT1/cmr/m
/n/10 , and $\OML/cmm/m/it/10 Y$ \OT1/cmr/m/n/10 are ran-dom vari-ables then $\
OMS/cmsy/m/n/10 j[]\OT1/cmr/m/n/10 (\OML/cmm/m/it/10 X; Y\OT1/cmr/m/n/10 )\OMS/
cmsy/m/n/10 j ^^T [][]$\OT1/cmr/m/n/10 .
 []


Underfull \hbox (badness 10000) in paragraph at lines 1757--1761

 []

[62] [63] [64] [65] <pics/couchy.jpg, id=235, 512.91624pt x 385.44pt>
File: pics/couchy.jpg Graphic file (type jpg)

<use pics/couchy.jpg>
Package pdftex.def Info: pics/couchy.jpg used on input line 1792.
(pdftex.def)             Requested size: 307.75212pt x 231.26578pt.
 [66 <./pics/couchy.jpg>] (./Class_Notes.aux) ) 
Here is how much of TeX's memory you used:
 3550 strings out of 494945
 45217 string characters out of 6181031
 127836 words of memory out of 5000000
 6738 multiletter control sequences out of 15000+600000
 14214 words of font info for 53 fonts, out of 8000000 for 9000
 14 hyphenation exceptions out of 8191
 39i,16n,26p,542b,241s stack positions out of 5000i,500n,10000p,200000b,80000s
</usr/share/texlive/texmf-dist/f
onts/type1/public/amsfonts/cm/cmbx10.pfb></usr/share/texlive/texmf-dist/fonts/t
ype1/public/amsfonts/cm/cmbx12.pfb></usr/share/texlive/texmf-dist/fonts/type1/p
ublic/amsfonts/cm/cmex10.pfb></usr/share/texlive/texmf-dist/fonts/type1/public/
amsfonts/cmextra/cmex7.pfb></usr/share/texlive/texmf-dist/fonts/type1/public/am
sfonts/cm/cmmi10.pfb></usr/share/texlive/texmf-dist/fonts/type1/public/amsfonts
/cm/cmmi12.pfb></usr/share/texlive/texmf-dist/fonts/type1/public/amsfonts/cm/cm
mi5.pfb></usr/share/texlive/texmf-dist/fonts/type1/public/amsfonts/cm/cmmi7.pfb
></usr/share/texlive/texmf-dist/fonts/type1/public/amsfonts/cm/cmr10.pfb></usr/
share/texlive/texmf-dist/fonts/type1/public/amsfonts/cm/cmr12.pfb></usr/share/t
exlive/texmf-dist/fonts/type1/public/amsfonts/cm/cmr17.pfb></usr/share/texlive/
texmf-dist/fonts/type1/public/amsfonts/cm/cmr5.pfb></usr/share/texlive/texmf-di
st/fonts/type1/public/amsfonts/cm/cmr7.pfb></usr/share/texlive/texmf-dist/fonts
/type1/public/amsfonts/cm/cmr8.pfb></usr/share/texlive/texmf-dist/fonts/type1/p
ublic/amsfonts/cm/cmsy10.pfb></usr/share/texlive/texmf-dist/fonts/type1/public/
amsfonts/cm/cmsy5.pfb></usr/share/texlive/texmf-dist/fonts/type1/public/amsfont
s/cm/cmsy7.pfb></usr/share/texlive/texmf-dist/fonts/type1/public/amsfonts/cm/cm
ti10.pfb></usr/share/texlive/texmf-dist/fonts/type1/public/amsfonts/symbols/msb
m10.pfb></usr/share/texlive/texmf-dist/fonts/type1/public/amsfonts/symbols/msbm
7.pfb>
Output written on Class_Notes.pdf (67 pages, 414951 bytes).
PDF statistics:
 306 PDF objects out of 1000 (max. 8388607)
 211 compressed objects within 3 object streams
 0 named destinations out of 1000 (max. 500000)
 11 words of extra memory for PDF output out of 10000 (max. 10000000)

